{
  "stats": {
    "suites": 1,
    "tests": 2,
    "passes": 1,
    "pending": 0,
    "failures": 1,
    "start": "2019-07-12T02:30:41.100Z",
    "end": "2019-07-12T02:30:41.110Z",
    "duration": 10,
    "testsRegistered": 2,
    "passPercent": 50,
    "pendingPercent": 0,
    "other": 0,
    "hasOther": false,
    "skipped": 0,
    "hasSkipped": false
  },
  "results": [
    {
      "uuid": "db25ade9-8bc9-45da-b040-bd450b9e8b63",
      "title": "",
      "fullFile": "",
      "file": "",
      "beforeHooks": [],
      "afterHooks": [],
      "tests": [],
      "suites": [
        {
          "uuid": "55978a5d-b727-4d95-acab-a85896744ccd",
          "title": "Unit Test Suite",
          "fullFile": "/Users/balu/Documents/work/automation/micoservices-js/dist/test/calculate.spec.js",
          "file": "/dist/test/calculate.spec.js",
          "beforeHooks": [],
          "afterHooks": [],
          "tests": [
            {
              "title": "adding two numbers",
              "fullTitle": "Unit Test Suite adding two numbers",
              "timedOut": false,
              "duration": 1,
              "state": "passed",
              "speed": "fast",
              "pass": true,
              "fail": false,
              "pending": false,
              "context": null,
              "code": "var result = calc.add(2, 3);\nresult.should.equal(5);",
              "err": {},
              "uuid": "c82e7164-a8a6-4885-a1d3-a7188dd9bb95",
              "parentUUID": "55978a5d-b727-4d95-acab-a85896744ccd",
              "isHook": false,
              "skipped": false
            },
            {
              "title": "adding two negitive numbers should work",
              "fullTitle": "Unit Test Suite adding two negitive numbers should work",
              "timedOut": false,
              "duration": 1,
              "state": "failed",
              "speed": null,
              "pass": false,
              "fail": true,
              "pending": false,
              "context": null,
              "code": "var result = calc.add(-3, -4);\nresult.should.equal(-1, \"expected -1 but returned \" + result);",
              "err": {
                "message": "AssertionError: expected -1 but returned -7: expected -7 to equal -1",
                "estack": "AssertionError: expected -1 but returned -7: expected -7 to equal -1\n    at Context.<anonymous> (dist/test/calculate.spec.js:14:23)",
                "diff": "- -7\n+ -1\n"
              },
              "uuid": "5d164253-9360-4be3-8c3d-ef1b14212fc4",
              "parentUUID": "55978a5d-b727-4d95-acab-a85896744ccd",
              "isHook": false,
              "skipped": false
            }
          ],
          "suites": [],
          "passes": [
            "c82e7164-a8a6-4885-a1d3-a7188dd9bb95"
          ],
          "failures": [
            "5d164253-9360-4be3-8c3d-ef1b14212fc4"
          ],
          "pending": [],
          "skipped": [],
          "duration": 2,
          "root": false,
          "rootEmpty": false,
          "_timeout": 2000
        }
      ],
      "passes": [],
      "failures": [],
      "pending": [],
      "skipped": [],
      "duration": 0,
      "root": true,
      "rootEmpty": true,
      "_timeout": 2000
    }
  ],
  "meta": {
    "mocha": {
      "version": "6.1.4"
    },
    "mochawesome": {
      "options": {
        "quiet": false,
        "reportFilename": "mochawesome",
        "saveHtml": true,
        "saveJson": true,
        "useInlineDiffs": false
      },
      "version": "4.0.1"
    },
    "marge": {
      "options": null,
      "version": "4.0.1"
    }
  }
}